2006.06.12 16:27 B F:\Job\temp_public_html\research\abstract_hfepr.pdf <-- CIT Public Server /users/hc332/research abstract_hfepr.pdf
2006.06.12 16:27 B F:\Job\temp_public_html\research\abstract_speciation.pdf <-- CIT Public Server /users/hc332/research abstract_speciation.pdf
2006.06.12 16:27 B F:\Job\temp_public_html\research\bepr.jpg <-- CIT Public Server /users/hc332/research bepr.jpg
2006.06.12 16:27 B F:\Job\temp_public_html\research\besims.jpg <-- CIT Public Server /users/hc332/research besims.jpg
2006.06.12 16:27 B F:\Job\temp_public_html\research\bi1.jpg <-- CIT Public Server /users/hc332/research bi1.jpg
2006.06.12 16:27 B F:\Job\temp_public_html\research\bi2.jpg <-- CIT Public Server /users/hc332/research bi2.jpg
2006.06.12 16:27 B F:\Job\temp_public_html\research\bi3.jpg <-- CIT Public Server /users/hc332/research bi3.jpg
2006.06.12 16:27 B F:\Job\temp_public_html\research\bjulian.jpg <-- CIT Public Server /users/hc332/research bjulian.jpg
2006.06.12 16:27 B F:\Job\temp_public_html\research\bligands.jpg <-- CIT Public Server /users/hc332/research bligands.jpg
2006.06.12 16:27 B F:\Job\temp_public_html\research\bmn4.jpg <-- CIT Public Server /users/hc332/research bmn4.jpg
2006.06.12 16:27 B F:\Job\temp_public_html\research\bms1.jpg <-- CIT Public Server /users/hc332/research bms1.jpg
2006.06.12 16:27 B F:\Job\temp_public_html\research\bms2.jpg <-- CIT Public Server /users/hc332/research bms2.jpg
2006.06.12 16:27 B F:\Job\temp_public_html\research\epr.jpg <-- CIT Public Server /users/hc332/research epr.jpg
2006.06.12 16:27 B F:\Job\temp_public_html\research\esims.jpg <-- CIT Public Server /users/hc332/research esims.jpg
2006.06.12 16:27 B F:\Job\temp_public_html\research\etotpymn.jpg <-- CIT Public Server /users/hc332/research etotpymn.jpg
2006.06.12 16:27 B F:\Job\temp_public_html\research\i1.jpg <-- CIT Public Server /users/hc332/research i1.jpg
2006.06.12 16:27 B F:\Job\temp_public_html\research\i2.jpg <-- CIT Public Server /users/hc332/research i2.jpg
2006.06.12 16:27 B F:\Job\temp_public_html\research\i3.jpg <-- CIT Public Server /users/hc332/research i3.jpg
2006.06.12 16:27 B F:\Job\temp_public_html\research\julian.jpg <-- CIT Public Server /users/hc332/research julian.jpg
2006.06.12 16:27 B F:\Job\temp_public_html\research\ligands.jpg <-- CIT Public Server /users/hc332/research ligands.jpg
2006.06.12 16:27 B F:\Job\temp_public_html\research\mn4.jpg <-- CIT Public Server /users/hc332/research mn4.jpg
2006.06.12 16:27 B F:\Job\temp_public_html\research\ms1.jpg <-- CIT Public Server /users/hc332/research ms1.jpg
2006.06.12 16:27 B F:\Job\temp_public_html\research\ms2.jpg <-- CIT Public Server /users/hc332/research ms2.jpg
2006.06.12 16:27 B F:\Job\temp_public_html\research\setotpy.jpg <-- CIT Public Server /users/hc332/research setotpy.jpg
2006.06.12 16:27 B F:\Job\temp_public_html\research\Thumbs.db <-- CIT Public Server /users/hc332/research Thumbs.db
